android/app/build/intermediates/manifest_merge_blame_file/release/manifest-merger-blame-release-report.txt
1<?xml version="1.0" encoding="utf-8"?>
2<manifest xmlns:android="http://schemas.android.com/apk/res/android"
3    package="com.foody"
4    android:versionCode="1"
5    android:versionName="1.0" >
6
7    <uses-sdk
8        android:minSdkVersion="16"
8-->src/main/AndroidManifest.xml
9        android:targetSdkVersion="29" />
9-->src/main/AndroidManifest.xml
10
11    <uses-permission android:name="android.permission.INTERNET" />
11-->src/main/AndroidManifest.xml:4:5-67
11-->src/main/AndroidManifest.xml:4:22-64
12    <uses-permission android:name="android.permission.CAMERA" />
12-->src/main/AndroidManifest.xml:5:5-65
12-->src/main/AndroidManifest.xml:5:22-62
13
14    <uses-feature
14-->[:react-native-camera] AndroidManifest.xml:11:5-13:36
15        android:name="android.hardware.camera"
15-->[:react-native-camera] AndroidManifest.xml:12:9-47
16        android:required="false" />
16-->[:react-native-camera] AndroidManifest.xml:13:9-33
17    <uses-feature
17-->[:react-native-camera] AndroidManifest.xml:14:5-16:36
18        android:name="android.hardware.camera.autofocus"
18-->[:react-native-camera] AndroidManifest.xml:15:9-57
19        android:required="false" />
19-->[:react-native-camera] AndroidManifest.xml:16:9-33
20
21    <uses-permission android:name="android.permission.ACCESS_COARSE_LOCATION" /> <!-- Include required permissions for Google Maps API to run. -->
21-->[:react-native-maps] AndroidManifest.xml:10:5-81
21-->[:react-native-maps] AndroidManifest.xml:10:22-78
22    <uses-permission android:name="android.permission.ACCESS_NETWORK_STATE" />
22-->[com.google.android.gms:play-services-maps:17.0.0] AndroidManifest.xml:23:5-79
22-->[com.google.android.gms:play-services-maps:17.0.0] AndroidManifest.xml:23:22-76
23
24    <uses-feature
24-->[com.google.android.gms:play-services-maps:17.0.0] AndroidManifest.xml:26:5-28:35
25        android:glEsVersion="0x00020000"
25-->[com.google.android.gms:play-services-maps:17.0.0] AndroidManifest.xml:27:9-41
26        android:required="true" />
26-->[com.google.android.gms:play-services-maps:17.0.0] AndroidManifest.xml:28:9-32
27
28    <application
28-->src/main/AndroidManifest.xml:7:5-27:19
29        android:name="com.foody.MainApplication"
29-->src/main/AndroidManifest.xml:8:7-38
30        android:allowBackup="false"
30-->src/main/AndroidManifest.xml:12:7-34
31        android:appComponentFactory="androidx.core.app.CoreComponentFactory"
31-->[androidx.core:core:1.1.0] AndroidManifest.xml:24:18-86
32        android:icon="@mipmap/ic_launcher"
32-->src/main/AndroidManifest.xml:10:7-41
33        android:label="@string/app_name"
33-->src/main/AndroidManifest.xml:9:7-39
34        android:roundIcon="@mipmap/ic_launcher_round"
34-->src/main/AndroidManifest.xml:11:7-52
35        android:theme="@style/AppTheme"
35-->src/main/AndroidManifest.xml:13:7-38
36        android:usesCleartextTraffic="true" >
36-->src/main/AndroidManifest.xml:14:7-42
37        <activity
37-->src/main/AndroidManifest.xml:15:7-25:18
38            android:name="com.foody.MainActivity"
38-->src/main/AndroidManifest.xml:16:9-37
39            android:configChanges="keyboard|keyboardHidden|orientation|screenSize|uiMode"
39-->src/main/AndroidManifest.xml:18:9-86
40            android:label="@string/app_name"
40-->src/main/AndroidManifest.xml:17:9-41
41            android:launchMode="singleTask"
41-->src/main/AndroidManifest.xml:19:9-40
42            android:windowSoftInputMode="adjustResize" >
42-->src/main/AndroidManifest.xml:20:9-51
43            <intent-filter>
43-->src/main/AndroidManifest.xml:21:9-24:25
44                <action android:name="android.intent.action.MAIN" />
44-->src/main/AndroidManifest.xml:22:13-65
44-->src/main/AndroidManifest.xml:22:21-62
45
46                <category android:name="android.intent.category.LAUNCHER" />
46-->src/main/AndroidManifest.xml:23:13-73
46-->src/main/AndroidManifest.xml:23:23-70
47            </intent-filter>
48        </activity>
49        <activity android:name="com.facebook.react.devsupport.DevSettingsActivity" />
49-->src/main/AndroidManifest.xml:26:7-84
49-->src/main/AndroidManifest.xml:26:17-81
50        <!-- Needs to be explicitly declared on P+ -->
51        <uses-library
51-->[com.google.android.gms:play-services-maps:17.0.0] AndroidManifest.xml:33:9-35:40
52            android:name="org.apache.http.legacy"
52-->[com.google.android.gms:play-services-maps:17.0.0] AndroidManifest.xml:34:13-50
53            android:required="false" />
53-->[com.google.android.gms:play-services-maps:17.0.0] AndroidManifest.xml:35:13-37
54
55        <activity
55-->[com.google.android.gms:play-services-base:17.0.0] AndroidManifest.xml:23:9-26:75
56            android:name="com.google.android.gms.common.api.GoogleApiActivity"
56-->[com.google.android.gms:play-services-base:17.0.0] AndroidManifest.xml:24:13-79
57            android:exported="false"
57-->[com.google.android.gms:play-services-base:17.0.0] AndroidManifest.xml:25:13-37
58            android:theme="@android:style/Theme.Translucent.NoTitleBar" />
58-->[com.google.android.gms:play-services-base:17.0.0] AndroidManifest.xml:26:13-72
59
60        <meta-data
60-->[com.google.android.gms:play-services-basement:17.0.0] AndroidManifest.xml:23:9-25:69
61            android:name="com.google.android.gms.version"
61-->[com.google.android.gms:play-services-basement:17.0.0] AndroidManifest.xml:24:13-58
62            android:value="@integer/google_play_services_version" />
62-->[com.google.android.gms:play-services-basement:17.0.0] AndroidManifest.xml:25:13-66
63    </application>
64
65</manifest>